<?xml version="1.0" encoding="utf-8"?><testsuite errors="0" failures="0" name="pytest" skipped="0" tests="4" time="17.699"><testcase classname="tests.test_default" file="tests/test_default.py" line="8" name="test_package[ansible://centos6]" time="6.015"></testcase><testcase classname="tests.test_default" file="tests/test_default.py" line="14" name="test_file_on_cvmfs[ansible://centos6]" time="3.504"></testcase><testcase classname="tests.test_default" file="tests/test_default.py" line="8" name="test_package[ansible://centos7]" time="4.660"></testcase><testcase classname="tests.test_default" file="tests/test_default.py" line="14" name="test_file_on_cvmfs[ansible://centos7]" time="2.989"></testcase></testsuite>